<testng-results>
  <reporter-output>
  </reporter-output>
  <suite name="Selenium Test Automation">
    <groups>
    </groups>
    <test name="Test on Internet Explorer">
      <class name="com.sample.automation.tests.SfdcReportTC">
        <test-method status="PASS" signature="setUp()" name="setUp" is-config="true" duration-ms="5363" started-at="2014-04-25T19:08:46Z" finished-at="2014-04-25T19:08:51Z">
        </test-method>
        <test-method status="FAIL" signature="Test2(java.lang.String, java.lang.String, java.lang.String)" name="Test2" duration-ms="11710" started-at="2014-04-25T19:08:51Z" finished-at="2014-04-25T19:09:03Z">
          <params>
            <param index="0">
              <value>
                <![CDATA[javed.nehal@gmail.com]]>
              </value>
            </param>
            <param index="1">
              <value>
                <![CDATA[Welcome$123]]>
              </value>
            </param>
            <param index="2">
              <value>
                <![CDATA[Opportunity Stage Duration]]>
              </value>
            </param>
          </params>
          <exception class="org.openqa.selenium.ElementNotVisibleException">
            <message>
              <![CDATA[Cannot click on element (WARNING: The server did not provide any stacktrace information)
System info: os.name: 'Windows 7', os.arch: 'amd64', os.version: '6.1', java.version: '1.7.0_51'
Driver info: driver.version: RemoteWebDriver]]>
            </message>
            <full-stacktrace>
              <![CDATA[org.openqa.selenium.ElementNotVisibleException: Cannot click on element (WARNING: The server did not provide any stacktrace information)
System info: os.name: 'Windows 7', os.arch: 'amd64', os.version: '6.1', java.version: '1.7.0_51'
Driver info: driver.version: RemoteWebDriver
	at sun.reflect.NativeConstructorAccessorImpl.newInstance0(Native Method)
	at sun.reflect.NativeConstructorAccessorImpl.newInstance(Unknown Source)
	at sun.reflect.DelegatingConstructorAccessorImpl.newInstance(Unknown Source)
	at java.lang.reflect.Constructor.newInstance(Unknown Source)
	at org.openqa.selenium.remote.ErrorHandler.createThrowable(ErrorHandler.java:131)
	at org.openqa.selenium.remote.ErrorHandler.throwIfResponseFailed(ErrorHandler.java:105)
	at org.openqa.selenium.remote.RemoteWebDriver.execute(RemoteWebDriver.java:410)
	at org.openqa.selenium.remote.RemoteWebElement.execute(RemoteWebElement.java:197)
	at org.openqa.selenium.remote.RemoteWebElement.click(RemoteWebElement.java:58)
	at com.sample.automation.manager.SfdcManager.login1(Unknown Source)
	at com.sample.automation.tests.SfdcReportTC.Test2(Unknown Source)
	at sun.reflect.NativeMethodAccessorImpl.invoke0(Native Method)
	at sun.reflect.NativeMethodAccessorImpl.invoke(Unknown Source)
	at sun.reflect.DelegatingMethodAccessorImpl.invoke(Unknown Source)
	at java.lang.reflect.Method.invoke(Unknown Source)
	at org.testng.internal.MethodHelper.invokeMethod(MethodHelper.java:644)
	at org.testng.internal.Invoker.invokeMethod(Invoker.java:546)
	at org.testng.internal.Invoker.invokeTestMethod(Invoker.java:700)
	at org.testng.internal.Invoker.invokeTestMethods(Invoker.java:1002)
	at org.testng.internal.TestMethodWorker.invokeTestMethods(TestMethodWorker.java:137)
	at org.testng.internal.TestMethodWorker.run(TestMethodWorker.java:121)
	at org.testng.TestRunner.runWorkers(TestRunner.java:908)
	at org.testng.TestRunner.privateRun(TestRunner.java:617)
	at org.testng.TestRunner.run(TestRunner.java:498)
	at org.testng.SuiteRunner.runTest(SuiteRunner.java:329)
	at org.testng.SuiteRunner.access$000(SuiteRunner.java:31)
	at org.testng.SuiteRunner$SuiteWorker.run(SuiteRunner.java:355)
	at org.testng.internal.thread.ThreadUtil$CountDownLatchedRunnable.run(ThreadUtil.java:142)
	at java.util.concurrent.ThreadPoolExecutor.runWorker(Unknown Source)
	at java.util.concurrent.ThreadPoolExecutor$Worker.run(Unknown Source)
	at java.lang.Thread.run(Unknown Source)
]]>
            </full-stacktrace>
          </exception>
        </test-method>
        <test-method status="PASS" signature="tearDown()" name="tearDown" is-config="true" duration-ms="1030" started-at="2014-04-25T19:09:03Z" finished-at="2014-04-25T19:09:04Z">
        </test-method>
      </class>
      <class name="com.sample.automation.tests.SfdcLoginTc">
        <test-method status="PASS" signature="setUp()" name="setUp" is-config="true" duration-ms="7280" started-at="2014-04-25T19:07:36Z" finished-at="2014-04-25T19:07:43Z">
        </test-method>
        <test-method status="FAIL" signature="Test1(java.lang.String, java.lang.String, java.lang.String)" name="Test1" duration-ms="31407" started-at="2014-04-25T19:07:43Z" finished-at="2014-04-25T19:08:15Z">
          <params>
            <param index="0">
              <value>
                <![CDATA[javed.nehal@gmail.com]]>
              </value>
            </param>
            <param index="1">
              <value>
                <![CDATA[Welcome$123]]>
              </value>
            </param>
            <param index="2">
              <value>
                <![CDATA[Javed Nehal]]>
              </value>
            </param>
          </params>
          <exception class="java.lang.AssertionError">
            <message>
              <![CDATA[expected:<true> but was:<false>]]>
            </message>
            <full-stacktrace>
              <![CDATA[java.lang.AssertionError: expected:<true> but was:<false>
	at org.testng.Assert.fail(Assert.java:87)
	at org.testng.Assert.failNotEquals(Assert.java:441)
	at org.testng.Assert.assertTrue(Assert.java:35)
	at org.testng.Assert.assertTrue(Assert.java:45)
	at com.sample.automation.manager.SfdcManager.login(Unknown Source)
	at com.sample.automation.tests.SfdcLoginTc.Test1(Unknown Source)
	at sun.reflect.NativeMethodAccessorImpl.invoke0(Native Method)
	at sun.reflect.NativeMethodAccessorImpl.invoke(Unknown Source)
	at sun.reflect.DelegatingMethodAccessorImpl.invoke(Unknown Source)
	at java.lang.reflect.Method.invoke(Unknown Source)
	at org.testng.internal.MethodHelper.invokeMethod(MethodHelper.java:644)
	at org.testng.internal.Invoker.invokeMethod(Invoker.java:546)
	at org.testng.internal.Invoker.invokeTestMethod(Invoker.java:700)
	at org.testng.internal.Invoker.invokeTestMethods(Invoker.java:1002)
	at org.testng.internal.TestMethodWorker.invokeTestMethods(TestMethodWorker.java:137)
	at org.testng.internal.TestMethodWorker.run(TestMethodWorker.java:121)
	at org.testng.TestRunner.runWorkers(TestRunner.java:908)
	at org.testng.TestRunner.privateRun(TestRunner.java:617)
	at org.testng.TestRunner.run(TestRunner.java:498)
	at org.testng.SuiteRunner.runTest(SuiteRunner.java:329)
	at org.testng.SuiteRunner.access$000(SuiteRunner.java:31)
	at org.testng.SuiteRunner$SuiteWorker.run(SuiteRunner.java:355)
	at org.testng.internal.thread.ThreadUtil$CountDownLatchedRunnable.run(ThreadUtil.java:142)
	at java.util.concurrent.ThreadPoolExecutor.runWorker(Unknown Source)
	at java.util.concurrent.ThreadPoolExecutor$Worker.run(Unknown Source)
	at java.lang.Thread.run(Unknown Source)
]]>
            </full-stacktrace>
          </exception>
        </test-method>
        <test-method status="PASS" signature="tearDown()" name="tearDown" is-config="true" duration-ms="1030" started-at="2014-04-25T19:08:15Z" finished-at="2014-04-25T19:08:16Z">
        </test-method>
      </class>
      <class name="com.sample.automation.tests.SfdcProfileTest">
        <test-method status="PASS" signature="setUp()" name="setUp" is-config="true" duration-ms="5562" started-at="2014-04-25T19:08:16Z" finished-at="2014-04-25T19:08:21Z">
        </test-method>
        <test-method status="PASS" signature="Test3(java.lang.String, java.lang.String, java.lang.String)" name="Test3" duration-ms="23323" started-at="2014-04-25T19:08:21Z" finished-at="2014-04-25T19:08:45Z">
          <params>
            <param index="0">
              <value>
                <![CDATA[javed.nehal@gmail.com]]>
              </value>
            </param>
            <param index="1">
              <value>
                <![CDATA[Welcome$123]]>
              </value>
            </param>
            <param index="2">
              <value>
                <![CDATA[Javed Nehal]]>
              </value>
            </param>
          </params>
        </test-method>
        <test-method status="PASS" signature="tearDown()" name="tearDown" is-config="true" duration-ms="1014" started-at="2014-04-25T19:08:45Z" finished-at="2014-04-25T19:08:46Z">
        </test-method>
      </class>
    </test>
  </suite>
</testng-results>
